<?xml version="1.0" encoding="UTF-8"?>
<!-- Generated by org.testng.reporters.JUnitXMLReporter -->
<testsuite hostname="SVQ-H1KMZM2" ignored="0" name="all-tests-package" tests="1" failures="1" timestamp="2022-02-03T10:23:53 CET" time="1.494" errors="0">
  <testcase name="testAuto" time="1.463" classname="mapfre.testcases.CP003_ALTA_CAMPANA_COMERCIAL">
    <failure type="java.lang.AssertionError" message="expected [false] but found [true]">
        <![CDATA[java.lang.AssertionError: expected [false] but found [true]
at mapfre.general.ComTeckel.reportPredictedKO(TeckelCom.java:214)
at mapfre.testcases.CP003_ALTA_CAMPANA_COMERCIAL.testAuto(SLI001.java:48)
at java.util.ArrayList.forEach(ArrayList.java:1257)
... Removed 33 stack frames]]>
    </failure>
  </testcase> <!-- testAuto -->
</testsuite> <!-- all-tests-package -->
